<?xml version="1.0" encoding="UTF-8"?>
<!-- Generated by org.testng.reporters.JUnitReportReporter -->
<testsuite hostname="Thomas" failures="0" tests="1" name="com.example.TestDemo" time="3.009" errors="0" timestamp="2025-05-09T21:33:55 EEST" skipped="0">
  <testcase classname="com.example.TestDemo" name="testGoogle" time="3.009"/>
</testsuite> <!-- com.example.TestDemo -->
