<?xml version="1.0" encoding="UTF-8"?>
<!-- Generated by org.testng.reporters.JUnitReportReporter -->
<testsuite hostname="Thomas" failures="0" tests="4" name="com.example.AdminLoginTests" time="7.589" errors="0" timestamp="2025-05-10T02:51:24 EEST" skipped="0">
  <testcase classname="com.example.AdminLoginTests" name="TC01_verifyAdminLoginWithValidCredentials" time="4.159"/>
  <testcase classname="com.example.AdminLoginTests" name="TC02_verifyLoginWithInvalidCredentials" time="1.349"/>
  <testcase classname="com.example.AdminLoginTests" name="TC03_attemptLoginWithBlankFields" time="0.729"/>
  <testcase classname="com.example.AdminLoginTests" name="TC04_validateSuccessfulLoginRedirect" time="1.352"/>
</testsuite> <!-- com.example.AdminLoginTests -->
