<?xml version="1.0" encoding="UTF-8"?>
<!-- Generated by org.testng.reporters.JUnitReportReporter -->
<testsuite hostname="DESKTOP-207DE06" failures="0" tests="4" name="com.example.LoginTest" time="15.478" errors="0" timestamp="2025-05-10T08:41:12 EEST" skipped="0">
  <testcase classname="com.example.LoginTest" name="testAdminLogin" time="3.743"/>
  <testcase classname="com.example.LoginTest" name="testAdminLogin" time="3.556"/>
  <testcase classname="com.example.LoginTest" name="testAdminLogin" time="4.555"/>
  <testcase classname="com.example.LoginTest" name="testAdminLogin" time="3.624"/>
</testsuite> <!-- com.example.LoginTest -->
